<?xml version="1.0" encoding="UTF-8"?>
<testng-results ignored="0" total="1" passed="1" failed="0" skipped="0">
  <reporter-output>
  </reporter-output>
  <suite started-at="2023-02-06T18:23:03 IST" name="Default suite" finished-at="2023-02-06T18:23:34 IST" duration-ms="30710">
    <groups>
    </groups>
    <test started-at="2023-02-06T18:23:03 IST" name="Default test" finished-at="2023-02-06T18:23:34 IST" duration-ms="30710">
      <class name="seleniumUI.testCases.LoginTest">
        <test-method is-config="true" signature="beforeMethod(org.testng.ITestContext)[pri:0, instance:seleniumUI.testCases.LoginTest@54a7079e]" started-at="2023-02-06T18:23:03 IST" name="beforeMethod" finished-at="2023-02-06T18:23:30 IST" duration-ms="26784" status="PASS">
          <params>
            <param index="0">
              <value>
                <![CDATA[org.testng.TestRunner@7a1a3468]]>
              </value>
            </param>
          </params>
          <reporter-output>
          </reporter-output>
        </test-method> <!-- beforeMethod -->
        <test-method signature="VerifyLogin()[pri:0, instance:seleniumUI.testCases.LoginTest@54a7079e]" started-at="2023-02-06T18:23:30 IST" name="VerifyLogin" finished-at="2023-02-06T18:23:33 IST" duration-ms="3436" status="PASS">
          <reporter-output>
          </reporter-output>
        </test-method> <!-- VerifyLogin -->
        <test-method is-config="true" signature="cleanUp()[pri:0, instance:seleniumUI.testCases.LoginTest@54a7079e]" started-at="2023-02-06T18:23:33 IST" name="cleanUp" finished-at="2023-02-06T18:23:34 IST" duration-ms="388" status="PASS">
          <reporter-output>
          </reporter-output>
        </test-method> <!-- cleanUp -->
      </class> <!-- seleniumUI.testCases.LoginTest -->
    </test> <!-- Default test -->
  </suite> <!-- Default suite -->
</testng-results>
